<!DOCTYPE html PUBLIC "-//W3C//DTD XHTML 1.1//EN" "https://www.w3.org/TR/xhtml11/DTD/xhtml11.dtd">
<html xmlns="https://www.w3.org/1999/xhtml">
<head>
<meta http-equiv="content-type" content="text/html; charset=UTF-8"/>
<title>TestNG Report</title>
<style type="text/css">table {margin-bottom:10px;border-collapse:collapse;empty-cells:show}th,td {border:1px solid #009;padding:.25em .5em}th {vertical-align:bottom}td {vertical-align:top}table a {font-weight:bold}.stripe td {background-color: #E6EBF9}.num {text-align:right}.passedodd td {background-color: #3F3}.passedeven td {background-color: #0A0}.skippedodd td {background-color: #DDD}.skippedeven td {background-color: #CCC}.failedodd td,.attn {background-color: #F33}.failedeven td,.stripe .attn {background-color: #D00}.stacktrace {white-space:pre;font-family:monospace}.totop {font-size:85%;text-align:center;border-bottom:2px solid #000}.invisible {display:none}</style>
</head>
<body>
<table>
<tr><th>Test</th><th># Passed</th><th># Skipped</th><th># Retried</th><th># Failed</th><th>Time (ms)</th><th>Included Groups</th><th>Excluded Groups</th></tr>
<tr><th colspan="8">TechnoStudyCrossBrowserSuite</th></tr>
<tr><td><a href="#t0">ChromeTests</a></td><td class="num">7</td><td class="num">0</td><td class="num">0</td><td class="num attn">1</td><td class="num">423.243</td><td></td><td></td></tr>
<tr class="stripe"><td><a href="#t1">EdgeTests</a></td><td class="num">7</td><td class="num">0</td><td class="num">0</td><td class="num attn">1</td><td class="num">541.506</td><td></td><td></td></tr>
<tr><th>Total</th><th class="num">14</th><th class="num">0</th><th class="num">0</th><th class="num attn">2</th><th class="num">964.749</th><th colspan="2"></th></tr>
</table>
<table id='summary'><thead><tr><th>Class</th><th>Method</th><th>Start</th><th>Time (ms)</th></tr></thead><tbody><tr><th colspan="4">TechnoStudyCrossBrowserSuite</th></tr></tbody><tbody id="t0"><tr><th colspan="4">ChromeTests &#8212; failed</th></tr><tr class="failedeven"><td rowspan="1">technoStudy.tests.TC_508_TermsOfUse</td><td><a href="#m0">termOfUseTest</a></td><td rowspan="1">1745538965225</td><td rowspan="1">122251</td></tr><tr><th colspan="4">ChromeTests &#8212; passed</th></tr><tr class="passedeven"><td rowspan="1">technoStudy.tests.TC_501_DropdownMenu</td><td><a href="#m1">dropDownMenuTest</a></td><td rowspan="1">1745538673935</td><td rowspan="1">3354</td></tr><tr class="passedodd"><td rowspan="1">technoStudy.tests.TC_502_CrossCampus</td><td><a href="#m2">crossCampusTest</a></td><td rowspan="1">1745538687220</td><td rowspan="1">1499</td></tr><tr class="passedeven"><td rowspan="1">technoStudy.tests.TC_503_Booking</td><td><a href="#m3">bookingTest</a></td><td rowspan="1">1745538698893</td><td rowspan="1">18627</td></tr><tr class="passedodd"><td rowspan="1">technoStudy.tests.TC_504_BlogPage</td><td><a href="#m4">blogPage</a></td><td rowspan="1">1745538727759</td><td rowspan="1">3520</td></tr><tr class="passedeven"><td rowspan="1">technoStudy.tests.TC_505_SubmenuSocialMedia</td><td><a href="#m5">submenuSocialMediaTest</a></td><td rowspan="1">1745538741471</td><td rowspan="1">13924</td></tr><tr class="passedodd"><td rowspan="1">technoStudy.tests.TC_506_LogoToHomepage</td><td><a href="#m6">logoToHomePageTest</a></td><td rowspan="1">1745538765464</td><td rowspan="1">178320</td></tr><tr class="passedeven"><td rowspan="1">technoStudy.tests.TC_507_CourseDetails</td><td><a href="#m7">courseDetailsTest</a></td><td rowspan="1">1745538952092</td><td rowspan="1">2818</td></tr></tbody>
<tbody id="t1"><tr><th colspan="4">EdgeTests &#8212; failed</th></tr><tr class="failedeven"><td rowspan="1">technoStudy.tests.TC_508_TermsOfUse</td><td><a href="#m8">termOfUseTest</a></td><td rowspan="1">1745539082669</td><td rowspan="1">122018</td></tr><tr><th colspan="4">EdgeTests &#8212; passed</th></tr><tr class="passedeven"><td rowspan="1">technoStudy.tests.TC_501_DropdownMenu</td><td><a href="#m9">dropDownMenuTest</a></td><td rowspan="1">1745538676379</td><td rowspan="1">17703</td></tr><tr class="passedodd"><td rowspan="1">technoStudy.tests.TC_502_CrossCampus</td><td><a href="#m10">crossCampusTest</a></td><td rowspan="1">1745538704945</td><td rowspan="1">2299</td></tr><tr class="passedeven"><td rowspan="1">technoStudy.tests.TC_503_Booking</td><td><a href="#m11">bookingTest</a></td><td rowspan="1">1745538719165</td><td rowspan="1">14786</td></tr><tr class="passedodd"><td rowspan="1">technoStudy.tests.TC_504_BlogPage</td><td><a href="#m12">blogPage</a></td><td rowspan="1">1745538748411</td><td rowspan="1">21581</td></tr><tr class="passedeven"><td rowspan="1">technoStudy.tests.TC_505_SubmenuSocialMedia</td><td><a href="#m13">submenuSocialMediaTest</a></td><td rowspan="1">1745538784922</td><td rowspan="1">14931</td></tr><tr class="passedodd"><td rowspan="1">technoStudy.tests.TC_506_LogoToHomepage</td><td><a href="#m14">logoToHomePageTest</a></td><td rowspan="1">1745538808750</td><td rowspan="1">227547</td></tr><tr class="passedeven"><td rowspan="1">technoStudy.tests.TC_507_CourseDetails</td><td><a href="#m15">courseDetailsTest</a></td><td rowspan="1">1745539051562</td><td rowspan="1">18842</td></tr></tbody>
</table>
<h2>ChromeTests</h2><h3 id="m0">technoStudy.tests.TC_508_TermsOfUse#termOfUseTest</h3><table class="result"><tr><th>Exception</th></tr><tr><td><div class="stacktrace">org.openqa.selenium.TimeoutException: Expected condition failed: waiting for element to be clickable: Proxy element for: DefaultElementLocator &apos;By.xpath: //strong[text()=&apos;Terms of Use&apos;]&apos; (tried for 60 second(s) with 500 milliseconds interval)
	at org.openqa.selenium.support.ui.WebDriverWait.timeoutException(WebDriverWait.java:84)
	at org.openqa.selenium.support.ui.FluentWait.until(FluentWait.java:228)
	at technoStudy.methods.TC_508_Methods.termOfUse(TC_508_Methods.java:40)
	at technoStudy.tests.TC_508_TermsOfUse.termOfUseTest(TC_508_TermsOfUse.java:13)
	at java.base/java.util.ArrayList.forEach(ArrayList.java:1511)
	at java.base/java.util.concurrent.FutureTask.run$$$capture(FutureTask.java:264)
	at java.base/java.util.concurrent.FutureTask.run(FutureTask.java)
	at --- Async.Stack.Trace --- (captured by IntelliJ IDEA debugger)
	at java.base/java.util.concurrent.FutureTask.&lt;init&gt;(FutureTask.java:132)
	at java.base/java.util.concurrent.AbstractExecutorService.newTaskFor(AbstractExecutorService.java:113)
	at java.base/java.util.concurrent.AbstractExecutorService.invokeAll(AbstractExecutorService.java:274)
	at com.intellij.rt.testng.IDEARemoteTestNG.run(IDEARemoteTestNG.java:65)
	at com.intellij.rt.testng.RemoteTestNGStarter.main(RemoteTestNGStarter.java:105)
Caused by: org.openqa.selenium.NoSuchElementException: no such element: Unable to locate element: {&quot;method&quot;:&quot;xpath&quot;,&quot;selector&quot;:&quot;//strong[text()=&apos;Terms of Use&apos;]&quot;}
  (Session info: chrome=135.0.7049.115)
For documentation on this error, please visit: https://www.selenium.dev/documentation/webdriver/troubleshooting/errors#no-such-element-exception
Build info: version: &apos;4.31.0&apos;, revision: &apos;1ef9f18787*&apos;
System info: os.name: &apos;Mac OS X&apos;, os.arch: &apos;aarch64&apos;, os.version: &apos;15.4.1&apos;, java.version: &apos;17.0.14&apos;
Driver info: org.openqa.selenium.chrome.ChromeDriver
Command: [b73e3ef65ab6308aac44f2ac589b140c, findElement {using=xpath, value=//strong[text()=&apos;Terms of Use&apos;]}]
Capabilities {acceptInsecureCerts: false, browserName: chrome, browserVersion: 135.0.7049.115, chrome: {chromedriverVersion: 135.0.7049.42 (0f351bbd2617..., userDataDir: /var/folders/3w/y8gv1fh54tg...}, fedcm:accounts: true, goog:chromeOptions: {debuggerAddress: localhost:52850}, networkConnectionEnabled: false, pageLoadStrategy: normal, platformName: mac, proxy: Proxy(), se:cdp: ws://localhost:52850/devtoo..., se:cdpVersion: 135.0.7049.115, setWindowRect: true, strictFileInteractability: false, timeouts: {implicit: 0, pageLoad: 300000, script: 30000}, unhandledPromptBehavior: dismiss and notify, webauthn:extension:credBlob: true, webauthn:extension:largeBlob: true, webauthn:extension:minPinLength: true, webauthn:extension:prf: true, webauthn:virtualAuthenticators: true}
Session ID: b73e3ef65ab6308aac44f2ac589b140c
	at org.openqa.selenium.remote.ErrorCodec.decode(ErrorCodec.java:167)
	at org.openqa.selenium.remote.codec.w3c.W3CHttpResponseCodec.decode(W3CHttpResponseCodec.java:138)
	at org.openqa.selenium.remote.codec.w3c.W3CHttpResponseCodec.decode(W3CHttpResponseCodec.java:50)
	at org.openqa.selenium.remote.HttpCommandExecutor.execute(HttpCommandExecutor.java:215)
	at org.openqa.selenium.remote.service.DriverCommandExecutor.invokeExecute(DriverCommandExecutor.java:216)
	at org.openqa.selenium.remote.service.DriverCommandExecutor.execute(DriverCommandExecutor.java:174)
	at org.openqa.selenium.remote.RemoteWebDriver.execute(RemoteWebDriver.java:545)
	at org.openqa.selenium.remote.ElementLocation$ElementFinder$2.findElement(ElementLocation.java:165)
	at org.openqa.selenium.remote.ElementLocation.findElement(ElementLocation.java:59)
	at org.openqa.selenium.remote.RemoteWebDriver.findElement(RemoteWebDriver.java:368)
	at org.openqa.selenium.remote.RemoteWebDriver.findElement(RemoteWebDriver.java:362)
	at org.openqa.selenium.support.pagefactory.DefaultElementLocator.findElement(DefaultElementLocator.java:68)
	at org.openqa.selenium.support.pagefactory.internal.LocatingElementHandler.invoke(LocatingElementHandler.java:38)
	at jdk.proxy2/jdk.proxy2.$Proxy12.isDisplayed(Unknown Source)
	at org.openqa.selenium.support.ui.ExpectedConditions.elementIfVisible(ExpectedConditions.java:304)
	at org.openqa.selenium.support.ui.ExpectedConditions$10.apply(ExpectedConditions.java:290)
	at org.openqa.selenium.support.ui.ExpectedConditions$10.apply(ExpectedConditions.java:287)
	at org.openqa.selenium.support.ui.ExpectedConditions$23.apply(ExpectedConditions.java:656)
	at org.openqa.selenium.support.ui.ExpectedConditions$23.apply(ExpectedConditions.java:652)
	at org.openqa.selenium.support.ui.FluentWait.until(FluentWait.java:203)
	... 38 more
... Removed 32 stack frames</div></td></tr></table><p class="totop"><a href="#summary">back to summary</a></p>
<h3 id="m1">technoStudy.tests.TC_501_DropdownMenu#dropDownMenuTest</h3><table class="result"><tr><th class="invisible"/></tr></table><p class="totop"><a href="#summary">back to summary</a></p>
<h3 id="m2">technoStudy.tests.TC_502_CrossCampus#crossCampusTest</h3><table class="result"><tr><th class="invisible"/></tr></table><p class="totop"><a href="#summary">back to summary</a></p>
<h3 id="m3">technoStudy.tests.TC_503_Booking#bookingTest</h3><table class="result"><tr><th class="invisible"/></tr></table><p class="totop"><a href="#summary">back to summary</a></p>
<h3 id="m4">technoStudy.tests.TC_504_BlogPage#blogPage</h3><table class="result"><tr><th class="invisible"/></tr></table><p class="totop"><a href="#summary">back to summary</a></p>
<h3 id="m5">technoStudy.tests.TC_505_SubmenuSocialMedia#submenuSocialMediaTest</h3><table class="result"><tr><th class="invisible"/></tr></table><p class="totop"><a href="#summary">back to summary</a></p>
<h3 id="m6">technoStudy.tests.TC_506_LogoToHomepage#logoToHomePageTest</h3><table class="result"><tr><th class="invisible"/></tr></table><p class="totop"><a href="#summary">back to summary</a></p>
<h3 id="m7">technoStudy.tests.TC_507_CourseDetails#courseDetailsTest</h3><table class="result"><tr><th class="invisible"/></tr></table><p class="totop"><a href="#summary">back to summary</a></p>
<h2>EdgeTests</h2><h3 id="m8">technoStudy.tests.TC_508_TermsOfUse#termOfUseTest</h3><table class="result"><tr><th>Exception</th></tr><tr><td><div class="stacktrace">org.openqa.selenium.TimeoutException: Expected condition failed: waiting for element to be clickable: Proxy element for: DefaultElementLocator &apos;By.xpath: //strong[text()=&apos;Terms of Use&apos;]&apos; (tried for 60 second(s) with 500 milliseconds interval)
	at org.openqa.selenium.support.ui.WebDriverWait.timeoutException(WebDriverWait.java:84)
	at org.openqa.selenium.support.ui.FluentWait.until(FluentWait.java:228)
	at technoStudy.methods.TC_508_Methods.termOfUse(TC_508_Methods.java:40)
	at technoStudy.tests.TC_508_TermsOfUse.termOfUseTest(TC_508_TermsOfUse.java:13)
	at java.base/java.util.ArrayList.forEach(ArrayList.java:1511)
	at java.base/java.util.concurrent.FutureTask.run$$$capture(FutureTask.java:264)
	at java.base/java.util.concurrent.FutureTask.run(FutureTask.java)
	at --- Async.Stack.Trace --- (captured by IntelliJ IDEA debugger)
	at java.base/java.util.concurrent.FutureTask.&lt;init&gt;(FutureTask.java:132)
	at java.base/java.util.concurrent.AbstractExecutorService.newTaskFor(AbstractExecutorService.java:113)
	at java.base/java.util.concurrent.AbstractExecutorService.invokeAll(AbstractExecutorService.java:274)
	at com.intellij.rt.testng.IDEARemoteTestNG.run(IDEARemoteTestNG.java:65)
	at com.intellij.rt.testng.RemoteTestNGStarter.main(RemoteTestNGStarter.java:105)
Caused by: org.openqa.selenium.NoSuchElementException: no such element: Unable to locate element: {&quot;method&quot;:&quot;xpath&quot;,&quot;selector&quot;:&quot;//strong[text()=&apos;Terms of Use&apos;]&quot;}
  (Session info: MicrosoftEdge=135.0.3179.85)
For documentation on this error, please visit: https://www.selenium.dev/documentation/webdriver/troubleshooting/errors#no-such-element-exception
Build info: version: &apos;4.31.0&apos;, revision: &apos;1ef9f18787*&apos;
System info: os.name: &apos;Mac OS X&apos;, os.arch: &apos;aarch64&apos;, os.version: &apos;15.4.1&apos;, java.version: &apos;17.0.14&apos;
Driver info: org.openqa.selenium.edge.EdgeDriver
Command: [1d5f99eaf78c52fba091dbe6dc486898, findElement {using=xpath, value=//strong[text()=&apos;Terms of Use&apos;]}]
Capabilities {acceptInsecureCerts: false, browserName: MicrosoftEdge, browserVersion: 135.0.3179.85, fedcm:accounts: true, ms:edgeOptions: {debuggerAddress: localhost:52990}, msedge: {msedgedriverVersion: 135.0.3179.85 (578105711aca..., userDataDir: /var/folders/3w/y8gv1fh54tg...}, networkConnectionEnabled: false, pageLoadStrategy: normal, platformName: mac, proxy: Proxy(), se:cdp: ws://localhost:52990/devtoo..., se:cdpVersion: 135.0.3179.85, setWindowRect: true, strictFileInteractability: false, timeouts: {implicit: 0, pageLoad: 300000, script: 30000}, unhandledPromptBehavior: dismiss and notify, webauthn:extension:credBlob: true, webauthn:extension:largeBlob: true, webauthn:extension:minPinLength: true, webauthn:extension:prf: true, webauthn:virtualAuthenticators: true}
Session ID: 1d5f99eaf78c52fba091dbe6dc486898
	at org.openqa.selenium.remote.ErrorCodec.decode(ErrorCodec.java:167)
	at org.openqa.selenium.remote.codec.w3c.W3CHttpResponseCodec.decode(W3CHttpResponseCodec.java:138)
	at org.openqa.selenium.remote.codec.w3c.W3CHttpResponseCodec.decode(W3CHttpResponseCodec.java:50)
	at org.openqa.selenium.remote.HttpCommandExecutor.execute(HttpCommandExecutor.java:215)
	at org.openqa.selenium.remote.service.DriverCommandExecutor.invokeExecute(DriverCommandExecutor.java:216)
	at org.openqa.selenium.remote.service.DriverCommandExecutor.execute(DriverCommandExecutor.java:174)
	at org.openqa.selenium.remote.RemoteWebDriver.execute(RemoteWebDriver.java:545)
	at org.openqa.selenium.remote.ElementLocation$ElementFinder$2.findElement(ElementLocation.java:165)
	at org.openqa.selenium.remote.ElementLocation.findElement(ElementLocation.java:59)
	at org.openqa.selenium.remote.RemoteWebDriver.findElement(RemoteWebDriver.java:368)
	at org.openqa.selenium.remote.RemoteWebDriver.findElement(RemoteWebDriver.java:362)
	at org.openqa.selenium.support.pagefactory.DefaultElementLocator.findElement(DefaultElementLocator.java:68)
	at org.openqa.selenium.support.pagefactory.internal.LocatingElementHandler.invoke(LocatingElementHandler.java:38)
	at jdk.proxy2/jdk.proxy2.$Proxy12.isDisplayed(Unknown Source)
	at org.openqa.selenium.support.ui.ExpectedConditions.elementIfVisible(ExpectedConditions.java:304)
	at org.openqa.selenium.support.ui.ExpectedConditions$10.apply(ExpectedConditions.java:290)
	at org.openqa.selenium.support.ui.ExpectedConditions$10.apply(ExpectedConditions.java:287)
	at org.openqa.selenium.support.ui.ExpectedConditions$23.apply(ExpectedConditions.java:656)
	at org.openqa.selenium.support.ui.ExpectedConditions$23.apply(ExpectedConditions.java:652)
	at org.openqa.selenium.support.ui.FluentWait.until(FluentWait.java:203)
	... 38 more
... Removed 32 stack frames</div></td></tr></table><p class="totop"><a href="#summary">back to summary</a></p>
<h3 id="m9">technoStudy.tests.TC_501_DropdownMenu#dropDownMenuTest</h3><table class="result"><tr><th class="invisible"/></tr></table><p class="totop"><a href="#summary">back to summary</a></p>
<h3 id="m10">technoStudy.tests.TC_502_CrossCampus#crossCampusTest</h3><table class="result"><tr><th class="invisible"/></tr></table><p class="totop"><a href="#summary">back to summary</a></p>
<h3 id="m11">technoStudy.tests.TC_503_Booking#bookingTest</h3><table class="result"><tr><th class="invisible"/></tr></table><p class="totop"><a href="#summary">back to summary</a></p>
<h3 id="m12">technoStudy.tests.TC_504_BlogPage#blogPage</h3><table class="result"><tr><th class="invisible"/></tr></table><p class="totop"><a href="#summary">back to summary</a></p>
<h3 id="m13">technoStudy.tests.TC_505_SubmenuSocialMedia#submenuSocialMediaTest</h3><table class="result"><tr><th class="invisible"/></tr></table><p class="totop"><a href="#summary">back to summary</a></p>
<h3 id="m14">technoStudy.tests.TC_506_LogoToHomepage#logoToHomePageTest</h3><table class="result"><tr><th class="invisible"/></tr></table><p class="totop"><a href="#summary">back to summary</a></p>
<h3 id="m15">technoStudy.tests.TC_507_CourseDetails#courseDetailsTest</h3><table class="result"><tr><th class="invisible"/></tr></table><p class="totop"><a href="#summary">back to summary</a></p>
</body>
</html>
